<?xml version="1.0" encoding="UTF-8"?>

<databaseChangeLog
        xmlns="http://www.liquibase.org/xml/ns/dbchangelog"
        xmlns:xsi="http://www.w3.org/2001/XMLSchema-instance"
        xsi:schemaLocation="http://www.liquibase.org/xml/ns/dbchangelog http://www.liquibase.org/xml/ns/dbchangelog/dbchangelog-latest.xsd">

    <changeSet id="1" author="Alice">
        <createTable tableName="person">
            <column name="name" type="varchar(255)">
                <constraints primaryKey="true"/>
            </column>
        </createTable>
    </changeSet>

    <changeSet id="2" author="Alice">
        <sql>ALTER TABLE person ADD COLUMN address VARCHAR(255) NULL</sql>
    </changeSet>

    <changeSet id="3" author="Alice">
        <sql>ALTER TABLE `person` ADD COLUMN email VARCHAR(255) NULL, ADD COLUMN `age` INT NULL</sql>
    </changeSet>

    <changeSet id="4" author="Alice">
        <!-- percona toolkit is not used for this, because these are multiple statements
             and could potentially change different tables. Or do something completely different.
        -->
        <sql splitStatements="true">
                ALTER TABLE person ADD COLUMN email2 VARCHAR(255) NULL;
                CREATE TABLE other_person (name VARCHAR(255) NOT NULL);
                ALTER TABLE other_person ADD COLUMN age INT NULL;
        </sql>
    </changeSet>

    <changeSet id="5" author="Alice">
        <sql>
            -- comments are also supported
            ALTER TABLE person ADD COLUMN secondary_address VARCHAR(255) NULL</sql>
    </changeSet>

</databaseChangeLog>
